  [1m[36m (0.9ms)[0m  [1mCREATE TABLE "schema_migrations" ("version" varchar NOT NULL) [0m
  [1m[35m (0.0ms)[0m  select sqlite_version(*)
  [1m[36m (0.7ms)[0m  [1mCREATE UNIQUE INDEX "unique_schema_migrations" ON "schema_migrations" ("version")[0m
  [1m[35mActiveRecord::SchemaMigration Load (0.1ms)[0m  SELECT "schema_migrations".* FROM "schema_migrations"
Migrating to CreateReadingLists (20151125231025)
  [1m[36m (0.1ms)[0m  [1mbegin transaction[0m
  [1m[35m (0.7ms)[0m  CREATE TABLE "reading_lists" ("id" INTEGER PRIMARY KEY AUTOINCREMENT NOT NULL, "name" varchar, "created_at" datetime NOT NULL, "updated_at" datetime NOT NULL) 
  [1m[36mSQL (0.1ms)[0m  [1mINSERT INTO "schema_migrations" ("version") VALUES (?)[0m  [["version", "20151125231025"]]
  [1m[35m (0.7ms)[0m  commit transaction
Migrating to CreateBooks (20151125231210)
  [1m[36m (0.0ms)[0m  [1mbegin transaction[0m
  [1m[35m (0.3ms)[0m  CREATE TABLE "books" ("id" INTEGER PRIMARY KEY AUTOINCREMENT NOT NULL, "title" varchar, "author" varchar, "read_status" boolean, "genre" varchar, "created_at" datetime NOT NULL, "updated_at" datetime NOT NULL) 
  [1m[36mSQL (0.1ms)[0m  [1mINSERT INTO "schema_migrations" ("version") VALUES (?)[0m  [["version", "20151125231210"]]
  [1m[35m (0.7ms)[0m  commit transaction
Migrating to AddIndexToBooks (20151126061642)
  [1m[36m (0.0ms)[0m  [1mbegin transaction[0m
  [1m[35m (0.3ms)[0m  ALTER TABLE "books" ADD "reading_list_id" integer
  [1m[36m (0.1ms)[0m  [1mCREATE  INDEX "index_books_on_reading_list_id" ON "books" ("reading_list_id")[0m
  [1m[35mSQL (0.1ms)[0m  INSERT INTO "schema_migrations" ("version") VALUES (?)  [["version", "20151126061642"]]
  [1m[36m (0.6ms)[0m  [1mcommit transaction[0m
  [1m[35mActiveRecord::SchemaMigration Load (0.1ms)[0m  SELECT "schema_migrations".* FROM "schema_migrations"
  [1m[36m (0.2ms)[0m  [1m            SELECT sql
            FROM sqlite_master
            WHERE name='index_books_on_reading_list_id' AND type='index'
            UNION ALL
            SELECT sql
            FROM sqlite_temp_master
            WHERE name='index_books_on_reading_list_id' AND type='index'
[0m


Started GET "/reading_lists/1" for ::1 at 2015-12-27 14:41:36 -0800
  [1m[36mActiveRecord::SchemaMigration Load (0.1ms)[0m  [1mSELECT "schema_migrations".* FROM "schema_migrations"[0m

ActiveRecord::PendingMigrationError (

Migrations are pending. To resolve this issue, run:

	bin/rake db:migrate RAILS_ENV=development

):
  activerecord (4.2.4) lib/active_record/migration.rb:392:in `check_pending!'
  activerecord (4.2.4) lib/active_record/migration.rb:373:in `call'
  actionpack (4.2.4) lib/action_dispatch/middleware/callbacks.rb:29:in `block in call'
  activesupport (4.2.4) lib/active_support/callbacks.rb:88:in `__run_callbacks__'
  activesupport (4.2.4) lib/active_support/callbacks.rb:778:in `_run_call_callbacks'
  activesupport (4.2.4) lib/active_support/callbacks.rb:81:in `run_callbacks'
  actionpack (4.2.4) lib/action_dispatch/middleware/callbacks.rb:27:in `call'
  actionpack (4.2.4) lib/action_dispatch/middleware/reloader.rb:73:in `call'
  actionpack (4.2.4) lib/action_dispatch/middleware/remote_ip.rb:78:in `call'
  actionpack (4.2.4) lib/action_dispatch/middleware/debug_exceptions.rb:17:in `call'
  web-console (2.2.1) lib/web_console/middleware.rb:39:in `call'
  actionpack (4.2.4) lib/action_dispatch/middleware/show_exceptions.rb:30:in `call'
  railties (4.2.4) lib/rails/rack/logger.rb:38:in `call_app'
  railties (4.2.4) lib/rails/rack/logger.rb:20:in `block in call'
  activesupport (4.2.4) lib/active_support/tagged_logging.rb:68:in `block in tagged'
  activesupport (4.2.4) lib/active_support/tagged_logging.rb:26:in `tagged'
  activesupport (4.2.4) lib/active_support/tagged_logging.rb:68:in `tagged'
  railties (4.2.4) lib/rails/rack/logger.rb:20:in `call'
  actionpack (4.2.4) lib/action_dispatch/middleware/request_id.rb:21:in `call'
  rack (1.6.4) lib/rack/methodoverride.rb:22:in `call'
  rack (1.6.4) lib/rack/runtime.rb:18:in `call'
  activesupport (4.2.4) lib/active_support/cache/strategy/local_cache_middleware.rb:28:in `call'
  rack (1.6.4) lib/rack/lock.rb:17:in `call'
  actionpack (4.2.4) lib/action_dispatch/middleware/static.rb:116:in `call'
  rack (1.6.4) lib/rack/sendfile.rb:113:in `call'
  railties (4.2.4) lib/rails/engine.rb:518:in `call'
  railties (4.2.4) lib/rails/application.rb:165:in `call'
  rack (1.6.4) lib/rack/lock.rb:17:in `call'
  rack (1.6.4) lib/rack/content_length.rb:15:in `call'
  rack (1.6.4) lib/rack/handler/webrick.rb:88:in `service'
  /Users/jennanichols/.rvm/rubies/ruby-2.2.3/lib/ruby/2.2.0/webrick/httpserver.rb:138:in `service'
  /Users/jennanichols/.rvm/rubies/ruby-2.2.3/lib/ruby/2.2.0/webrick/httpserver.rb:94:in `run'
  /Users/jennanichols/.rvm/rubies/ruby-2.2.3/lib/ruby/2.2.0/webrick/server.rb:294:in `block in start_thread'


  Rendered /Users/jennanichols/.rvm/gems/ruby-2.2.3@reading-lists/gems/actionpack-4.2.4/lib/action_dispatch/middleware/templates/rescues/_source.erb (2.8ms)
  Rendered /Users/jennanichols/.rvm/gems/ruby-2.2.3@reading-lists/gems/actionpack-4.2.4/lib/action_dispatch/middleware/templates/rescues/_trace.html.erb (2.7ms)
  Rendered /Users/jennanichols/.rvm/gems/ruby-2.2.3@reading-lists/gems/actionpack-4.2.4/lib/action_dispatch/middleware/templates/rescues/_request_and_response.html.erb (0.9ms)
  Rendered /Users/jennanichols/.rvm/gems/ruby-2.2.3@reading-lists/gems/actionpack-4.2.4/lib/action_dispatch/middleware/templates/rescues/diagnostics.html.erb within rescues/layout (54.8ms)
  Rendered /Users/jennanichols/.rvm/gems/ruby-2.2.3@reading-lists/gems/web-console-2.2.1/lib/web_console/templates/_markup.html.erb (0.4ms)
  Rendered /Users/jennanichols/.rvm/gems/ruby-2.2.3@reading-lists/gems/web-console-2.2.1/lib/web_console/templates/_inner_console_markup.html.erb within layouts/inlined_string (0.5ms)
  Rendered /Users/jennanichols/.rvm/gems/ruby-2.2.3@reading-lists/gems/web-console-2.2.1/lib/web_console/templates/_prompt_box_markup.html.erb within layouts/inlined_string (0.2ms)
  Rendered /Users/jennanichols/.rvm/gems/ruby-2.2.3@reading-lists/gems/web-console-2.2.1/lib/web_console/templates/style.css.erb within layouts/inlined_string (0.3ms)
  Rendered /Users/jennanichols/.rvm/gems/ruby-2.2.3@reading-lists/gems/web-console-2.2.1/lib/web_console/templates/console.js.erb within layouts/javascript (46.2ms)
  Rendered /Users/jennanichols/.rvm/gems/ruby-2.2.3@reading-lists/gems/web-console-2.2.1/lib/web_console/templates/main.js.erb within layouts/javascript (0.3ms)
  Rendered /Users/jennanichols/.rvm/gems/ruby-2.2.3@reading-lists/gems/web-console-2.2.1/lib/web_console/templates/error_page.js.erb within layouts/javascript (0.3ms)
  Rendered /Users/jennanichols/.rvm/gems/ruby-2.2.3@reading-lists/gems/web-console-2.2.1/lib/web_console/templates/index.html.erb (114.0ms)
  [1m[36mActiveRecord::SchemaMigration Load (0.1ms)[0m  [1mSELECT "schema_migrations".* FROM "schema_migrations"[0m
Migrating to AddRatingToBook (20151227223908)
  [1m[35m (0.1ms)[0m  begin transaction
  [1m[36m (0.5ms)[0m  [1mALTER TABLE "books" ADD "rating" integer[0m
  [1m[35mSQL (0.2ms)[0m  INSERT INTO "schema_migrations" ("version") VALUES (?)  [["version", "20151227223908"]]
  [1m[36m (0.6ms)[0m  [1mcommit transaction[0m
  [1m[35mActiveRecord::SchemaMigration Load (0.1ms)[0m  SELECT "schema_migrations".* FROM "schema_migrations"
  [1m[36m (0.1ms)[0m  [1m            SELECT sql
            FROM sqlite_master
            WHERE name='index_books_on_reading_list_id' AND type='index'
            UNION ALL
            SELECT sql
            FROM sqlite_temp_master
            WHERE name='index_books_on_reading_list_id' AND type='index'
[0m


Started GET "/reading_lists/1" for ::1 at 2015-12-27 14:43:19 -0800
  [1m[36mActiveRecord::SchemaMigration Load (0.1ms)[0m  [1mSELECT "schema_migrations".* FROM "schema_migrations"[0m
Processing by ReadingListsController#show as HTML
  Parameters: {"id"=>"1"}
  [1m[35mReadingList Load (0.2ms)[0m  SELECT  "reading_lists".* FROM "reading_lists" WHERE "reading_lists"."id" = ? LIMIT 1  [["id", 1]]
Completed 404 Not Found in 22ms (ActiveRecord: 0.4ms)

ActiveRecord::RecordNotFound (Couldn't find ReadingList with 'id'=1):
  app/controllers/reading_lists_controller.rb:22:in `show'


  Rendered /Users/jennanichols/.rvm/gems/ruby-2.2.3@reading-lists/gems/actionpack-4.2.4/lib/action_dispatch/middleware/templates/rescues/_source.erb (3.4ms)
  Rendered /Users/jennanichols/.rvm/gems/ruby-2.2.3@reading-lists/gems/actionpack-4.2.4/lib/action_dispatch/middleware/templates/rescues/_trace.html.erb (1.5ms)
  Rendered /Users/jennanichols/.rvm/gems/ruby-2.2.3@reading-lists/gems/actionpack-4.2.4/lib/action_dispatch/middleware/templates/rescues/_request_and_response.html.erb (0.7ms)
  Rendered /Users/jennanichols/.rvm/gems/ruby-2.2.3@reading-lists/gems/actionpack-4.2.4/lib/action_dispatch/middleware/templates/rescues/diagnostics.html.erb within rescues/layout (43.7ms)
  Rendered /Users/jennanichols/.rvm/gems/ruby-2.2.3@reading-lists/gems/web-console-2.2.1/lib/web_console/templates/_markup.html.erb (0.2ms)
  Rendered /Users/jennanichols/.rvm/gems/ruby-2.2.3@reading-lists/gems/web-console-2.2.1/lib/web_console/templates/_inner_console_markup.html.erb within layouts/inlined_string (0.2ms)
  Rendered /Users/jennanichols/.rvm/gems/ruby-2.2.3@reading-lists/gems/web-console-2.2.1/lib/web_console/templates/_prompt_box_markup.html.erb within layouts/inlined_string (0.3ms)
  Rendered /Users/jennanichols/.rvm/gems/ruby-2.2.3@reading-lists/gems/web-console-2.2.1/lib/web_console/templates/style.css.erb within layouts/inlined_string (0.2ms)
  Rendered /Users/jennanichols/.rvm/gems/ruby-2.2.3@reading-lists/gems/web-console-2.2.1/lib/web_console/templates/console.js.erb within layouts/javascript (37.3ms)
  Rendered /Users/jennanichols/.rvm/gems/ruby-2.2.3@reading-lists/gems/web-console-2.2.1/lib/web_console/templates/main.js.erb within layouts/javascript (0.2ms)
  Rendered /Users/jennanichols/.rvm/gems/ruby-2.2.3@reading-lists/gems/web-console-2.2.1/lib/web_console/templates/error_page.js.erb within layouts/javascript (0.2ms)
  Rendered /Users/jennanichols/.rvm/gems/ruby-2.2.3@reading-lists/gems/web-console-2.2.1/lib/web_console/templates/index.html.erb (82.7ms)


Started GET "/reading_lists/1" for ::1 at 2015-12-27 14:43:22 -0800
Processing by ReadingListsController#show as HTML
  Parameters: {"id"=>"1"}
  [1m[36mReadingList Load (0.1ms)[0m  [1mSELECT  "reading_lists".* FROM "reading_lists" WHERE "reading_lists"."id" = ? LIMIT 1[0m  [["id", 1]]
Completed 404 Not Found in 1ms (ActiveRecord: 0.1ms)

ActiveRecord::RecordNotFound (Couldn't find ReadingList with 'id'=1):
  app/controllers/reading_lists_controller.rb:22:in `show'


  Rendered /Users/jennanichols/.rvm/gems/ruby-2.2.3@reading-lists/gems/actionpack-4.2.4/lib/action_dispatch/middleware/templates/rescues/_source.erb (7.8ms)
  Rendered /Users/jennanichols/.rvm/gems/ruby-2.2.3@reading-lists/gems/actionpack-4.2.4/lib/action_dispatch/middleware/templates/rescues/_trace.html.erb (1.6ms)
  Rendered /Users/jennanichols/.rvm/gems/ruby-2.2.3@reading-lists/gems/actionpack-4.2.4/lib/action_dispatch/middleware/templates/rescues/_request_and_response.html.erb (0.6ms)
  Rendered /Users/jennanichols/.rvm/gems/ruby-2.2.3@reading-lists/gems/actionpack-4.2.4/lib/action_dispatch/middleware/templates/rescues/diagnostics.html.erb within rescues/layout (49.7ms)
  Rendered /Users/jennanichols/.rvm/gems/ruby-2.2.3@reading-lists/gems/web-console-2.2.1/lib/web_console/templates/_markup.html.erb (0.2ms)
  Rendered /Users/jennanichols/.rvm/gems/ruby-2.2.3@reading-lists/gems/web-console-2.2.1/lib/web_console/templates/_inner_console_markup.html.erb within layouts/inlined_string (0.2ms)
  Rendered /Users/jennanichols/.rvm/gems/ruby-2.2.3@reading-lists/gems/web-console-2.2.1/lib/web_console/templates/_prompt_box_markup.html.erb within layouts/inlined_string (0.3ms)
  Rendered /Users/jennanichols/.rvm/gems/ruby-2.2.3@reading-lists/gems/web-console-2.2.1/lib/web_console/templates/style.css.erb within layouts/inlined_string (0.3ms)
  Rendered /Users/jennanichols/.rvm/gems/ruby-2.2.3@reading-lists/gems/web-console-2.2.1/lib/web_console/templates/console.js.erb within layouts/javascript (36.9ms)
  Rendered /Users/jennanichols/.rvm/gems/ruby-2.2.3@reading-lists/gems/web-console-2.2.1/lib/web_console/templates/main.js.erb within layouts/javascript (0.2ms)
  Rendered /Users/jennanichols/.rvm/gems/ruby-2.2.3@reading-lists/gems/web-console-2.2.1/lib/web_console/templates/error_page.js.erb within layouts/javascript (0.3ms)
  Rendered /Users/jennanichols/.rvm/gems/ruby-2.2.3@reading-lists/gems/web-console-2.2.1/lib/web_console/templates/index.html.erb (80.9ms)


Started GET "/" for ::1 at 2015-12-27 14:43:29 -0800
Processing by ReadingListsController#index as HTML
  [1m[35mReadingList Load (0.2ms)[0m  SELECT "reading_lists".* FROM "reading_lists"
  Rendered reading_lists/index.html.erb within layouts/application (0.9ms)
Completed 200 OK in 1406ms (Views: 1405.7ms | ActiveRecord: 0.2ms)
  [1m[36m (1.1ms)[0m  [1mCREATE TABLE "schema_migrations" ("version" varchar NOT NULL) [0m
  [1m[35m (0.1ms)[0m  select sqlite_version(*)
  [1m[36m (0.7ms)[0m  [1mCREATE UNIQUE INDEX "unique_schema_migrations" ON "schema_migrations" ("version")[0m
  [1m[35mActiveRecord::SchemaMigration Load (0.1ms)[0m  SELECT "schema_migrations".* FROM "schema_migrations"
Migrating to CreateReadingLists (20151125231025)
  [1m[36m (0.1ms)[0m  [1mbegin transaction[0m
  [1m[35m (0.4ms)[0m  CREATE TABLE "reading_lists" ("id" INTEGER PRIMARY KEY AUTOINCREMENT NOT NULL, "name" varchar, "created_at" datetime NOT NULL, "updated_at" datetime NOT NULL) 
  [1m[36mSQL (0.1ms)[0m  [1mINSERT INTO "schema_migrations" ("version") VALUES (?)[0m  [["version", "20151125231025"]]
  [1m[35m (0.9ms)[0m  commit transaction
Migrating to CreateBooks (20151125231210)
  [1m[36m (0.1ms)[0m  [1mbegin transaction[0m
  [1m[35m (0.3ms)[0m  CREATE TABLE "books" ("id" INTEGER PRIMARY KEY AUTOINCREMENT NOT NULL, "title" varchar, "author" varchar, "read_status" boolean, "genre" varchar, "created_at" datetime NOT NULL, "updated_at" datetime NOT NULL) 
  [1m[36mSQL (0.1ms)[0m  [1mINSERT INTO "schema_migrations" ("version") VALUES (?)[0m  [["version", "20151125231210"]]
  [1m[35m (0.7ms)[0m  commit transaction
Migrating to AddIndexToBooks (20151126061642)
  [1m[36m (0.1ms)[0m  [1mbegin transaction[0m
  [1m[35m (0.3ms)[0m  ALTER TABLE "books" ADD "reading_list_id" integer
  [1m[36m (0.1ms)[0m  [1mCREATE  INDEX "index_books_on_reading_list_id" ON "books" ("reading_list_id")[0m
  [1m[35mSQL (0.1ms)[0m  INSERT INTO "schema_migrations" ("version") VALUES (?)  [["version", "20151126061642"]]
  [1m[36m (0.6ms)[0m  [1mcommit transaction[0m
Migrating to AddRatingToBook (20151227223908)
  [1m[35m (0.1ms)[0m  begin transaction
  [1m[36m (0.3ms)[0m  [1mALTER TABLE "books" ADD "rating" integer[0m
  [1m[35mSQL (0.1ms)[0m  INSERT INTO "schema_migrations" ("version") VALUES (?)  [["version", "20151227223908"]]
  [1m[36m (0.5ms)[0m  [1mcommit transaction[0m
  [1m[35mActiveRecord::SchemaMigration Load (0.1ms)[0m  SELECT "schema_migrations".* FROM "schema_migrations"
  [1m[36m (0.1ms)[0m  [1m            SELECT sql
            FROM sqlite_master
            WHERE name='index_books_on_reading_list_id' AND type='index'
            UNION ALL
            SELECT sql
            FROM sqlite_temp_master
            WHERE name='index_books_on_reading_list_id' AND type='index'
[0m
  [1m[36mActiveRecord::SchemaMigration Load (0.1ms)[0m  [1mSELECT "schema_migrations".* FROM "schema_migrations"[0m
  [1m[35m (0.1ms)[0m  begin transaction
  [1m[36mSQL (0.5ms)[0m  [1mINSERT INTO "reading_lists" ("name", "created_at", "updated_at") VALUES (?, ?, ?)[0m  [["name", "Fantasy Books"], ["created_at", "2015-12-27 22:43:59.652410"], ["updated_at", "2015-12-27 22:43:59.652410"]]
  [1m[35m (0.6ms)[0m  commit transaction
  [1m[36m (0.0ms)[0m  [1mbegin transaction[0m
  [1m[35mSQL (0.2ms)[0m  INSERT INTO "reading_lists" ("name", "created_at", "updated_at") VALUES (?, ?, ?)  [["name", "Science Fiction Books"], ["created_at", "2015-12-27 22:43:59.656737"], ["updated_at", "2015-12-27 22:43:59.656737"]]
  [1m[36m (0.6ms)[0m  [1mcommit transaction[0m
  [1m[35m (0.1ms)[0m  begin transaction
  [1m[36mSQL (0.5ms)[0m  [1mINSERT INTO "books" ("title", "author", "read_status", "genre", "reading_list_id", "created_at", "updated_at") VALUES (?, ?, ?, ?, ?, ?, ?)[0m  [["title", "A Game of Thrones"], ["author", "George R.R. Martin"], ["read_status", "t"], ["genre", "fantasy"], ["reading_list_id", 1], ["created_at", "2015-12-27 22:43:59.670387"], ["updated_at", "2015-12-27 22:43:59.670387"]]
  [1m[35m (0.6ms)[0m  commit transaction
  [1m[36m (0.1ms)[0m  [1mbegin transaction[0m
  [1m[35mSQL (0.3ms)[0m  INSERT INTO "books" ("title", "author", "read_status", "genre", "reading_list_id", "created_at", "updated_at") VALUES (?, ?, ?, ?, ?, ?, ?)  [["title", "The Eye of the World"], ["author", "Robert Jordan"], ["read_status", "t"], ["genre", "fantasy"], ["reading_list_id", 1], ["created_at", "2015-12-27 22:43:59.673533"], ["updated_at", "2015-12-27 22:43:59.673533"]]
  [1m[36m (0.6ms)[0m  [1mcommit transaction[0m
  [1m[35m (0.0ms)[0m  begin transaction
  [1m[36mSQL (0.2ms)[0m  [1mINSERT INTO "books" ("title", "author", "read_status", "genre", "reading_list_id", "created_at", "updated_at") VALUES (?, ?, ?, ?, ?, ?, ?)[0m  [["title", "Lord of the Rings"], ["author", "J.R.R. Tolkein"], ["read_status", "t"], ["genre", "fantasy"], ["reading_list_id", 1], ["created_at", "2015-12-27 22:43:59.676209"], ["updated_at", "2015-12-27 22:43:59.676209"]]
  [1m[35m (0.4ms)[0m  commit transaction
  [1m[36m (0.0ms)[0m  [1mbegin transaction[0m
  [1m[35mSQL (0.2ms)[0m  INSERT INTO "books" ("title", "author", "read_status", "genre", "reading_list_id", "created_at", "updated_at") VALUES (?, ?, ?, ?, ?, ?, ?)  [["title", "Harry Potter and the Sorceror's Stone"], ["author", "J.K Rowling"], ["read_status", "t"], ["genre", "fantasy"], ["reading_list_id", 1], ["created_at", "2015-12-27 22:43:59.678244"], ["updated_at", "2015-12-27 22:43:59.678244"]]
  [1m[36m (0.4ms)[0m  [1mcommit transaction[0m
  [1m[35m (0.0ms)[0m  begin transaction
  [1m[36mSQL (0.2ms)[0m  [1mINSERT INTO "books" ("title", "author", "read_status", "genre", "reading_list_id", "created_at", "updated_at") VALUES (?, ?, ?, ?, ?, ?, ?)[0m  [["title", "Outlander"], ["author", "Diana Gabaldon"], ["read_status", "t"], ["genre", "fantasy"], ["reading_list_id", 1], ["created_at", "2015-12-27 22:43:59.680225"], ["updated_at", "2015-12-27 22:43:59.680225"]]
  [1m[35m (0.5ms)[0m  commit transaction
  [1m[36m (0.1ms)[0m  [1mbegin transaction[0m
  [1m[35mSQL (0.2ms)[0m  INSERT INTO "books" ("title", "author", "read_status", "genre", "reading_list_id", "created_at", "updated_at") VALUES (?, ?, ?, ?, ?, ?, ?)  [["title", "The Crystal Cave"], ["author", "Mary Stewart"], ["read_status", "t"], ["genre", "fantasy"], ["reading_list_id", 1], ["created_at", "2015-12-27 22:43:59.682401"], ["updated_at", "2015-12-27 22:43:59.682401"]]
  [1m[36m (0.6ms)[0m  [1mcommit transaction[0m
  [1m[35m (0.1ms)[0m  begin transaction
  [1m[36mSQL (0.2ms)[0m  [1mINSERT INTO "books" ("title", "author", "read_status", "genre", "reading_list_id", "created_at", "updated_at") VALUES (?, ?, ?, ?, ?, ?, ?)[0m  [["title", "Alanna: The First Adventure"], ["author", "Tamora Pierce"], ["read_status", "t"], ["genre", "fantasy"], ["reading_list_id", 1], ["created_at", "2015-12-27 22:43:59.684278"], ["updated_at", "2015-12-27 22:43:59.684278"]]
  [1m[35m (0.4ms)[0m  commit transaction
  [1m[36m (0.0ms)[0m  [1mbegin transaction[0m
  [1m[35mSQL (0.2ms)[0m  INSERT INTO "books" ("title", "author", "read_status", "genre", "reading_list_id", "created_at", "updated_at") VALUES (?, ?, ?, ?, ?, ?, ?)  [["title", "Dune"], ["author", "Frank Herbert"], ["read_status", "f"], ["genre", "science fiction"], ["reading_list_id", 2], ["created_at", "2015-12-27 22:43:59.686349"], ["updated_at", "2015-12-27 22:43:59.686349"]]
  [1m[36m (0.4ms)[0m  [1mcommit transaction[0m
  [1m[35m (0.0ms)[0m  begin transaction
  [1m[36mSQL (0.2ms)[0m  [1mINSERT INTO "books" ("title", "author", "read_status", "genre", "reading_list_id", "created_at", "updated_at") VALUES (?, ?, ?, ?, ?, ?, ?)[0m  [["title", "The Way of Kings"], ["author", "Brandon Sanderson"], ["read_status", "f"], ["genre", "fantasy"], ["reading_list_id", 1], ["created_at", "2015-12-27 22:43:59.688017"], ["updated_at", "2015-12-27 22:43:59.688017"]]
  [1m[35m (0.4ms)[0m  commit transaction
  [1m[36m (0.0ms)[0m  [1mbegin transaction[0m
  [1m[35mSQL (0.2ms)[0m  INSERT INTO "books" ("title", "author", "read_status", "genre", "reading_list_id", "created_at", "updated_at") VALUES (?, ?, ?, ?, ?, ?, ?)  [["title", "Gardens of the Moon"], ["author", "Steven Erikson"], ["read_status", "f"], ["genre", "fantasy"], ["reading_list_id", 1], ["created_at", "2015-12-27 22:43:59.689735"], ["updated_at", "2015-12-27 22:43:59.689735"]]
  [1m[36m (0.5ms)[0m  [1mcommit transaction[0m
  [1m[35m (0.0ms)[0m  begin transaction
  [1m[36mSQL (0.2ms)[0m  [1mINSERT INTO "books" ("title", "author", "read_status", "genre", "reading_list_id", "created_at", "updated_at") VALUES (?, ?, ?, ?, ?, ?, ?)[0m  [["title", "Ender's Game"], ["author", "Orson Scott Card"], ["read_status", "t"], ["genre", "science fiction"], ["reading_list_id", 2], ["created_at", "2015-12-27 22:43:59.691700"], ["updated_at", "2015-12-27 22:43:59.691700"]]
  [1m[35m (0.4ms)[0m  commit transaction
  [1m[36m (0.0ms)[0m  [1mbegin transaction[0m
  [1m[35mSQL (0.2ms)[0m  INSERT INTO "books" ("title", "author", "read_status", "genre", "reading_list_id", "created_at", "updated_at") VALUES (?, ?, ?, ?, ?, ?, ?)  [["title", "Snow Crash"], ["author", "Neal Stephenson"], ["read_status", "f"], ["genre", "science fiction"], ["reading_list_id", 2], ["created_at", "2015-12-27 22:43:59.693651"], ["updated_at", "2015-12-27 22:43:59.693651"]]
  [1m[36m (0.5ms)[0m  [1mcommit transaction[0m
  [1m[35m (0.0ms)[0m  begin transaction
  [1m[36mSQL (0.2ms)[0m  [1mINSERT INTO "books" ("title", "author", "read_status", "genre", "reading_list_id", "created_at", "updated_at") VALUES (?, ?, ?, ?, ?, ?, ?)[0m  [["title", "Star Wars X-Wing: Rogue Squadron"], ["author", "Michael A. Stackpole"], ["read_status", "t"], ["genre", "science-fiction"], ["reading_list_id", 2], ["created_at", "2015-12-27 22:43:59.695665"], ["updated_at", "2015-12-27 22:43:59.695665"]]
  [1m[35m (0.5ms)[0m  commit transaction


Started GET "/" for ::1 at 2015-12-27 14:44:07 -0800
  [1m[36mActiveRecord::SchemaMigration Load (0.1ms)[0m  [1mSELECT "schema_migrations".* FROM "schema_migrations"[0m
Processing by ReadingListsController#index as HTML
  [1m[35mReadingList Load (0.2ms)[0m  SELECT "reading_lists".* FROM "reading_lists"
  Rendered reading_lists/index.html.erb within layouts/application (6.2ms)
Completed 200 OK in 179ms (Views: 166.3ms | ActiveRecord: 0.4ms)


Started GET "/assets/books.self-e3b0c44298fc1c149afbf4c8996fb92427ae41e4649b934ca495991b7852b855.css?body=1" for ::1 at 2015-12-27 14:44:08 -0800


Started GET "/assets/reading_lists.self-e3b0c44298fc1c149afbf4c8996fb92427ae41e4649b934ca495991b7852b855.css?body=1" for ::1 at 2015-12-27 14:44:08 -0800


Started GET "/assets/application.self-6fc5a266841253724c6ba6ea29887104f2ae990322c1a7348b537d5d79ff8006.css?body=1" for ::1 at 2015-12-27 14:44:08 -0800


Started GET "/assets/books.self-877aef30ae1b040ab8a3aba4e3e309a11d7f2612f44dde450b5c157aa5f95c05.js?body=1" for ::1 at 2015-12-27 14:44:08 -0800


Started GET "/assets/turbolinks.self-c37727e9bd6b2735da5c311aa83fead54ed0be6cc8bd9a65309e9c5abe2cbfff.js?body=1" for ::1 at 2015-12-27 14:44:08 -0800


Started GET "/assets/jquery_ujs.self-d456baa54c1fa6be2ec3711f0a72ddf7a5b2f34a6b4f515f33767d6207b7d4b3.js?body=1" for ::1 at 2015-12-27 14:44:08 -0800


Started GET "/assets/jquery.self-a714331225dda820228db323939889f149aec0127aeb06255646b616ba1ca419.js?body=1" for ::1 at 2015-12-27 14:44:08 -0800


Started GET "/assets/reading_lists.self-877aef30ae1b040ab8a3aba4e3e309a11d7f2612f44dde450b5c157aa5f95c05.js?body=1" for ::1 at 2015-12-27 14:44:08 -0800


Started GET "/assets/application.self-3b8dabdc891efe46b9a144b400ad69e37d7e5876bdc39dee783419a69d7ca819.js?body=1" for ::1 at 2015-12-27 14:44:08 -0800


Started GET "/reading_lists/1" for ::1 at 2015-12-27 14:44:10 -0800
Processing by ReadingListsController#show as HTML
  Parameters: {"id"=>"1"}
  [1m[36mReadingList Load (0.2ms)[0m  [1mSELECT  "reading_lists".* FROM "reading_lists" WHERE "reading_lists"."id" = ? LIMIT 1[0m  [["id", 1]]
  [1m[35mBook Load (0.2ms)[0m  SELECT "books".* FROM "books" WHERE "books"."reading_list_id" = ?  [["reading_list_id", 1]]
  Rendered reading_lists/show.html.erb within layouts/application (9.4ms)
Completed 200 OK in 61ms (Views: 37.8ms | ActiveRecord: 0.6ms)


Started GET "/books/1" for ::1 at 2015-12-27 14:44:20 -0800
Processing by BooksController#show as HTML
  Parameters: {"id"=>"1"}
  [1m[36mBook Load (0.2ms)[0m  [1mSELECT  "books".* FROM "books" WHERE "books"."id" = ? LIMIT 1[0m  [["id", 1]]
  Rendered books/show.html.erb within layouts/application (0.8ms)
Completed 200 OK in 35ms (Views: 33.5ms | ActiveRecord: 0.2ms)


Started GET "/books/1/edit" for ::1 at 2015-12-27 14:44:38 -0800
Processing by BooksController#edit as HTML
  Parameters: {"id"=>"1"}
  [1m[35mBook Load (0.1ms)[0m  SELECT  "books".* FROM "books" WHERE "books"."id" = ? LIMIT 1  [["id", 1]]
  [1m[36mReadingList Load (0.2ms)[0m  [1mSELECT "reading_lists".* FROM "reading_lists"[0m
  Rendered books/_form.html.erb (22.5ms)
  Rendered books/edit.html.erb within layouts/application (26.6ms)
Completed 200 OK in 74ms (Views: 73.4ms | ActiveRecord: 0.3ms)


Started GET "/books/1/edit" for ::1 at 2015-12-27 14:52:50 -0800
  [1m[36mActiveRecord::SchemaMigration Load (0.3ms)[0m  [1mSELECT "schema_migrations".* FROM "schema_migrations"[0m
Processing by BooksController#edit as HTML
  Parameters: {"id"=>"1"}
  [1m[35mBook Load (0.4ms)[0m  SELECT  "books".* FROM "books" WHERE "books"."id" = ? LIMIT 1  [["id", 1]]
  [1m[36mReadingList Load (0.4ms)[0m  [1mSELECT "reading_lists".* FROM "reading_lists"[0m
  Rendered books/_form.html.erb (39.7ms)
  Rendered books/edit.html.erb within layouts/application (46.0ms)
Completed 200 OK in 251ms (Views: 216.7ms | ActiveRecord: 1.5ms)


Started GET "/assets/books.self-e3b0c44298fc1c149afbf4c8996fb92427ae41e4649b934ca495991b7852b855.css?body=1" for ::1 at 2015-12-27 14:52:51 -0800


Started GET "/assets/reading_lists.self-e3b0c44298fc1c149afbf4c8996fb92427ae41e4649b934ca495991b7852b855.css?body=1" for ::1 at 2015-12-27 14:52:51 -0800


Started GET "/assets/jquery.self-a714331225dda820228db323939889f149aec0127aeb06255646b616ba1ca419.js?body=1" for ::1 at 2015-12-27 14:52:51 -0800


Started GET "/assets/application.self-6fc5a266841253724c6ba6ea29887104f2ae990322c1a7348b537d5d79ff8006.css?body=1" for ::1 at 2015-12-27 14:52:51 -0800


Started GET "/assets/jquery_ujs.self-d456baa54c1fa6be2ec3711f0a72ddf7a5b2f34a6b4f515f33767d6207b7d4b3.js?body=1" for ::1 at 2015-12-27 14:52:51 -0800


Started GET "/assets/turbolinks.self-c37727e9bd6b2735da5c311aa83fead54ed0be6cc8bd9a65309e9c5abe2cbfff.js?body=1" for ::1 at 2015-12-27 14:52:51 -0800


Started GET "/assets/books.self-877aef30ae1b040ab8a3aba4e3e309a11d7f2612f44dde450b5c157aa5f95c05.js?body=1" for ::1 at 2015-12-27 14:52:51 -0800


Started GET "/assets/reading_lists.self-877aef30ae1b040ab8a3aba4e3e309a11d7f2612f44dde450b5c157aa5f95c05.js?body=1" for ::1 at 2015-12-27 14:52:51 -0800


Started GET "/assets/application.self-3b8dabdc891efe46b9a144b400ad69e37d7e5876bdc39dee783419a69d7ca819.js?body=1" for ::1 at 2015-12-27 14:52:51 -0800


Started GET "/books/1/edit" for ::1 at 2015-12-27 14:54:04 -0800
Processing by BooksController#edit as HTML
  Parameters: {"id"=>"1"}
  [1m[35mBook Load (0.1ms)[0m  SELECT  "books".* FROM "books" WHERE "books"."id" = ? LIMIT 1  [["id", 1]]
  [1m[36mReadingList Load (0.2ms)[0m  [1mSELECT "reading_lists".* FROM "reading_lists"[0m
  Rendered books/_form.html.erb (4.8ms)
  Rendered books/edit.html.erb within layouts/application (6.5ms)
Completed 200 OK in 37ms (Views: 35.8ms | ActiveRecord: 0.2ms)


Started GET "/assets/reading_lists.self-e3b0c44298fc1c149afbf4c8996fb92427ae41e4649b934ca495991b7852b855.css?body=1" for ::1 at 2015-12-27 14:54:05 -0800


Started GET "/assets/books.self-e3b0c44298fc1c149afbf4c8996fb92427ae41e4649b934ca495991b7852b855.css?body=1" for ::1 at 2015-12-27 14:54:05 -0800


Started GET "/assets/jquery.self-a714331225dda820228db323939889f149aec0127aeb06255646b616ba1ca419.js?body=1" for ::1 at 2015-12-27 14:54:05 -0800


Started GET "/assets/jquery_ujs.self-d456baa54c1fa6be2ec3711f0a72ddf7a5b2f34a6b4f515f33767d6207b7d4b3.js?body=1" for ::1 at 2015-12-27 14:54:05 -0800


Started GET "/assets/application.self-6fc5a266841253724c6ba6ea29887104f2ae990322c1a7348b537d5d79ff8006.css?body=1" for ::1 at 2015-12-27 14:54:05 -0800


Started GET "/assets/turbolinks.self-c37727e9bd6b2735da5c311aa83fead54ed0be6cc8bd9a65309e9c5abe2cbfff.js?body=1" for ::1 at 2015-12-27 14:54:05 -0800


Started GET "/assets/books.self-877aef30ae1b040ab8a3aba4e3e309a11d7f2612f44dde450b5c157aa5f95c05.js?body=1" for ::1 at 2015-12-27 14:54:05 -0800


Started GET "/assets/reading_lists.self-877aef30ae1b040ab8a3aba4e3e309a11d7f2612f44dde450b5c157aa5f95c05.js?body=1" for ::1 at 2015-12-27 14:54:05 -0800


Started GET "/assets/application.self-3b8dabdc891efe46b9a144b400ad69e37d7e5876bdc39dee783419a69d7ca819.js?body=1" for ::1 at 2015-12-27 14:54:05 -0800


Started GET "/books/1/edit" for ::1 at 2015-12-27 14:54:16 -0800
Processing by BooksController#edit as HTML
  Parameters: {"id"=>"1"}
  [1m[35mBook Load (0.1ms)[0m  SELECT  "books".* FROM "books" WHERE "books"."id" = ? LIMIT 1  [["id", 1]]
  [1m[36mReadingList Load (0.1ms)[0m  [1mSELECT "reading_lists".* FROM "reading_lists"[0m
  Rendered books/_form.html.erb (3.3ms)
  Rendered books/edit.html.erb within layouts/application (4.2ms)
Completed 200 OK in 28ms (Views: 27.0ms | ActiveRecord: 0.2ms)


Started GET "/assets/reading_lists.self-e3b0c44298fc1c149afbf4c8996fb92427ae41e4649b934ca495991b7852b855.css?body=1" for ::1 at 2015-12-27 14:54:16 -0800


Started GET "/assets/books.self-e3b0c44298fc1c149afbf4c8996fb92427ae41e4649b934ca495991b7852b855.css?body=1" for ::1 at 2015-12-27 14:54:16 -0800


Started GET "/assets/application.self-6fc5a266841253724c6ba6ea29887104f2ae990322c1a7348b537d5d79ff8006.css?body=1" for ::1 at 2015-12-27 14:54:16 -0800


Started GET "/assets/turbolinks.self-c37727e9bd6b2735da5c311aa83fead54ed0be6cc8bd9a65309e9c5abe2cbfff.js?body=1" for ::1 at 2015-12-27 14:54:16 -0800


Started GET "/assets/jquery.self-a714331225dda820228db323939889f149aec0127aeb06255646b616ba1ca419.js?body=1" for ::1 at 2015-12-27 14:54:16 -0800


Started GET "/assets/jquery_ujs.self-d456baa54c1fa6be2ec3711f0a72ddf7a5b2f34a6b4f515f33767d6207b7d4b3.js?body=1" for ::1 at 2015-12-27 14:54:16 -0800


Started GET "/assets/reading_lists.self-877aef30ae1b040ab8a3aba4e3e309a11d7f2612f44dde450b5c157aa5f95c05.js?body=1" for ::1 at 2015-12-27 14:54:16 -0800


Started GET "/assets/books.self-877aef30ae1b040ab8a3aba4e3e309a11d7f2612f44dde450b5c157aa5f95c05.js?body=1" for ::1 at 2015-12-27 14:54:16 -0800


Started GET "/assets/application.self-3b8dabdc891efe46b9a144b400ad69e37d7e5876bdc39dee783419a69d7ca819.js?body=1" for ::1 at 2015-12-27 14:54:16 -0800


Started GET "/books/1/edit" for ::1 at 2015-12-27 14:55:00 -0800
Processing by BooksController#edit as HTML
  Parameters: {"id"=>"1"}
  [1m[35mBook Load (0.1ms)[0m  SELECT  "books".* FROM "books" WHERE "books"."id" = ? LIMIT 1  [["id", 1]]
  [1m[36mReadingList Load (0.1ms)[0m  [1mSELECT "reading_lists".* FROM "reading_lists"[0m
  Rendered books/_form.html.erb (3.4ms)
  Rendered books/edit.html.erb within layouts/application (4.2ms)
Completed 200 OK in 47ms (Views: 45.7ms | ActiveRecord: 0.2ms)


Started GET "/assets/reading_lists.self-e3b0c44298fc1c149afbf4c8996fb92427ae41e4649b934ca495991b7852b855.css?body=1" for ::1 at 2015-12-27 14:55:00 -0800


Started GET "/assets/books.self-e3b0c44298fc1c149afbf4c8996fb92427ae41e4649b934ca495991b7852b855.css?body=1" for ::1 at 2015-12-27 14:55:00 -0800


Started GET "/assets/application.self-6fc5a266841253724c6ba6ea29887104f2ae990322c1a7348b537d5d79ff8006.css?body=1" for ::1 at 2015-12-27 14:55:00 -0800


Started GET "/assets/jquery.self-a714331225dda820228db323939889f149aec0127aeb06255646b616ba1ca419.js?body=1" for ::1 at 2015-12-27 14:55:00 -0800


Started GET "/assets/turbolinks.self-c37727e9bd6b2735da5c311aa83fead54ed0be6cc8bd9a65309e9c5abe2cbfff.js?body=1" for ::1 at 2015-12-27 14:55:00 -0800


Started GET "/assets/jquery_ujs.self-d456baa54c1fa6be2ec3711f0a72ddf7a5b2f34a6b4f515f33767d6207b7d4b3.js?body=1" for ::1 at 2015-12-27 14:55:00 -0800


Started GET "/assets/books.self-877aef30ae1b040ab8a3aba4e3e309a11d7f2612f44dde450b5c157aa5f95c05.js?body=1" for ::1 at 2015-12-27 14:55:00 -0800


Started GET "/assets/reading_lists.self-877aef30ae1b040ab8a3aba4e3e309a11d7f2612f44dde450b5c157aa5f95c05.js?body=1" for ::1 at 2015-12-27 14:55:00 -0800


Started GET "/assets/application.self-3b8dabdc891efe46b9a144b400ad69e37d7e5876bdc39dee783419a69d7ca819.js?body=1" for ::1 at 2015-12-27 14:55:00 -0800


Started GET "/books/1/edit" for ::1 at 2015-12-27 14:55:27 -0800
Processing by BooksController#edit as HTML
  Parameters: {"id"=>"1"}
  [1m[35mBook Load (0.1ms)[0m  SELECT  "books".* FROM "books" WHERE "books"."id" = ? LIMIT 1  [["id", 1]]
  [1m[36mReadingList Load (0.1ms)[0m  [1mSELECT "reading_lists".* FROM "reading_lists"[0m
  Rendered books/_form.html.erb (5.7ms)
  Rendered books/edit.html.erb within layouts/application (6.9ms)
Completed 200 OK in 38ms (Views: 36.5ms | ActiveRecord: 0.2ms)


Started GET "/assets/reading_lists.self-e3b0c44298fc1c149afbf4c8996fb92427ae41e4649b934ca495991b7852b855.css?body=1" for ::1 at 2015-12-27 14:55:27 -0800


Started GET "/assets/books.self-e3b0c44298fc1c149afbf4c8996fb92427ae41e4649b934ca495991b7852b855.css?body=1" for ::1 at 2015-12-27 14:55:27 -0800


Started GET "/assets/application.self-6fc5a266841253724c6ba6ea29887104f2ae990322c1a7348b537d5d79ff8006.css?body=1" for ::1 at 2015-12-27 14:55:27 -0800


Started GET "/assets/jquery_ujs.self-d456baa54c1fa6be2ec3711f0a72ddf7a5b2f34a6b4f515f33767d6207b7d4b3.js?body=1" for ::1 at 2015-12-27 14:55:27 -0800


Started GET "/assets/jquery.self-a714331225dda820228db323939889f149aec0127aeb06255646b616ba1ca419.js?body=1" for ::1 at 2015-12-27 14:55:27 -0800


Started GET "/assets/turbolinks.self-c37727e9bd6b2735da5c311aa83fead54ed0be6cc8bd9a65309e9c5abe2cbfff.js?body=1" for ::1 at 2015-12-27 14:55:27 -0800


Started GET "/assets/books.self-877aef30ae1b040ab8a3aba4e3e309a11d7f2612f44dde450b5c157aa5f95c05.js?body=1" for ::1 at 2015-12-27 14:55:27 -0800


Started GET "/assets/reading_lists.self-877aef30ae1b040ab8a3aba4e3e309a11d7f2612f44dde450b5c157aa5f95c05.js?body=1" for ::1 at 2015-12-27 14:55:27 -0800


Started GET "/assets/application.self-3b8dabdc891efe46b9a144b400ad69e37d7e5876bdc39dee783419a69d7ca819.js?body=1" for ::1 at 2015-12-27 14:55:27 -0800


Started PATCH "/books/1" for ::1 at 2015-12-27 14:57:57 -0800
  [1m[36mActiveRecord::SchemaMigration Load (0.1ms)[0m  [1mSELECT "schema_migrations".* FROM "schema_migrations"[0m
Processing by BooksController#update as HTML
  Parameters: {"utf8"=>"✓", "authenticity_token"=>"bFZFtCXH1i4WHdqrO+0rArm2rDRHmR/tnabqPiyukeRk3mh106HB+YPt01jy0noC70tPYqhLHxoFfewIdN/21g==", "book"=>{"title"=>"A Game of Thrones", "author"=>"George R.R. Martin", "rating"=>"", "genre"=>"fantasy", "reading_list_id"=>"1"}, "read_status"=>"true", "commit"=>"Update Book", "id"=>"1"}
  [1m[35mBook Load (0.2ms)[0m  SELECT  "books".* FROM "books" WHERE "books"."id" = ? LIMIT 1  [["id", 1]]
Unpermitted parameters: utf8, _method, authenticity_token, read_status, commit, id
Unpermitted parameters: utf8, _method, authenticity_token, read_status, commit, id
Unpermitted parameters: utf8, _method, authenticity_token, read_status, commit, id
Unpermitted parameters: utf8, _method, authenticity_token, read_status, commit, id
Unpermitted parameters: utf8, _method, authenticity_token, read_status, commit, id
  [1m[36m (0.1ms)[0m  [1mbegin transaction[0m
  [1m[35m (0.1ms)[0m  commit transaction
Redirected to http://localhost:3000/books
Completed 302 Found in 34ms (ActiveRecord: 0.6ms)


Started GET "/books" for ::1 at 2015-12-27 14:57:57 -0800
Processing by BooksController#index as HTML
  [1m[36mBook Load (0.2ms)[0m  [1mSELECT "books".* FROM "books"[0m
  Rendered books/index.html.erb within layouts/application (15.3ms)
Completed 200 OK in 166ms (Views: 165.3ms | ActiveRecord: 0.2ms)


Started GET "/books/2" for ::1 at 2015-12-27 14:58:00 -0800
Processing by BooksController#show as HTML
  Parameters: {"id"=>"2"}
  [1m[35mBook Load (0.1ms)[0m  SELECT  "books".* FROM "books" WHERE "books"."id" = ? LIMIT 1  [["id", 2]]
  Rendered books/show.html.erb within layouts/application (0.7ms)
Completed 200 OK in 29ms (Views: 27.7ms | ActiveRecord: 0.1ms)
  [1m[36mActiveRecord::SchemaMigration Load (0.1ms)[0m  [1mSELECT "schema_migrations".* FROM "schema_migrations"[0m
  [1m[35mActiveRecord::SchemaMigration Load (0.1ms)[0m  SELECT "schema_migrations".* FROM "schema_migrations"
  [1m[36m (0.1ms)[0m  [1m            SELECT sql
            FROM sqlite_master
            WHERE name='index_books_on_reading_list_id' AND type='index'
            UNION ALL
            SELECT sql
            FROM sqlite_temp_master
            WHERE name='index_books_on_reading_list_id' AND type='index'
[0m


Started GET "/books/2" for ::1 at 2015-12-27 14:58:51 -0800
  [1m[36mActiveRecord::SchemaMigration Load (0.1ms)[0m  [1mSELECT "schema_migrations".* FROM "schema_migrations"[0m
Processing by BooksController#show as HTML
  Parameters: {"id"=>"2"}
  [1m[35mBook Load (0.2ms)[0m  SELECT  "books".* FROM "books" WHERE "books"."id" = ? LIMIT 1  [["id", 2]]
  Rendered books/show.html.erb within layouts/application (1.3ms)
Completed 200 OK in 178ms (Views: 153.3ms | ActiveRecord: 0.5ms)


Started GET "/assets/books.self-e3b0c44298fc1c149afbf4c8996fb92427ae41e4649b934ca495991b7852b855.css?body=1" for ::1 at 2015-12-27 14:58:51 -0800


Started GET "/assets/reading_lists.self-e3b0c44298fc1c149afbf4c8996fb92427ae41e4649b934ca495991b7852b855.css?body=1" for ::1 at 2015-12-27 14:58:51 -0800


Started GET "/assets/jquery_ujs.self-d456baa54c1fa6be2ec3711f0a72ddf7a5b2f34a6b4f515f33767d6207b7d4b3.js?body=1" for ::1 at 2015-12-27 14:58:51 -0800


Started GET "/assets/jquery.self-a714331225dda820228db323939889f149aec0127aeb06255646b616ba1ca419.js?body=1" for ::1 at 2015-12-27 14:58:51 -0800


Started GET "/assets/application.self-6fc5a266841253724c6ba6ea29887104f2ae990322c1a7348b537d5d79ff8006.css?body=1" for ::1 at 2015-12-27 14:58:51 -0800


Started GET "/assets/turbolinks.self-c37727e9bd6b2735da5c311aa83fead54ed0be6cc8bd9a65309e9c5abe2cbfff.js?body=1" for ::1 at 2015-12-27 14:58:51 -0800


Started GET "/assets/books.self-877aef30ae1b040ab8a3aba4e3e309a11d7f2612f44dde450b5c157aa5f95c05.js?body=1" for ::1 at 2015-12-27 14:58:51 -0800


Started GET "/assets/reading_lists.self-877aef30ae1b040ab8a3aba4e3e309a11d7f2612f44dde450b5c157aa5f95c05.js?body=1" for ::1 at 2015-12-27 14:58:51 -0800


Started GET "/assets/application.self-3b8dabdc891efe46b9a144b400ad69e37d7e5876bdc39dee783419a69d7ca819.js?body=1" for ::1 at 2015-12-27 14:58:51 -0800


Started GET "/books/2/edit" for ::1 at 2015-12-27 14:59:14 -0800
Processing by BooksController#edit as HTML
  Parameters: {"id"=>"2"}
  [1m[36mBook Load (0.1ms)[0m  [1mSELECT  "books".* FROM "books" WHERE "books"."id" = ? LIMIT 1[0m  [["id", 2]]
  [1m[35mReadingList Load (0.2ms)[0m  SELECT "reading_lists".* FROM "reading_lists"
  Rendered books/_form.html.erb (24.4ms)
  Rendered books/edit.html.erb within layouts/application (28.5ms)
Completed 200 OK in 55ms (Views: 53.8ms | ActiveRecord: 0.4ms)


Started PATCH "/books/2" for ::1 at 2015-12-27 14:59:23 -0800
Processing by BooksController#update as HTML
  Parameters: {"utf8"=>"✓", "authenticity_token"=>"MnVpAEPsFp6gZQ88j38pMoWpN6o7kPb23/v4robOeFI6/UTBtYoBSTWVBs9GQHgy01TU/NRC9gFHIP6Y3r8fYA==", "book"=>{"title"=>"The Eye of the World", "author"=>"Robert Jordan", "rating"=>"5 - best", "genre"=>"fantasy", "reading_list_id"=>"1"}, "read_status"=>"true", "commit"=>"Update Book", "id"=>"2"}
  [1m[36mBook Load (0.1ms)[0m  [1mSELECT  "books".* FROM "books" WHERE "books"."id" = ? LIMIT 1[0m  [["id", 2]]
Unpermitted parameters: utf8, _method, authenticity_token, read_status, commit, id
Unpermitted parameters: utf8, _method, authenticity_token, read_status, commit, id
Unpermitted parameters: utf8, _method, authenticity_token, read_status, commit, id
Unpermitted parameters: utf8, _method, authenticity_token, read_status, commit, id
Unpermitted parameters: utf8, _method, authenticity_token, read_status, commit, id
  [1m[35m (0.1ms)[0m  begin transaction
  [1m[36mSQL (0.8ms)[0m  [1mUPDATE "books" SET "rating" = ?, "updated_at" = ? WHERE "books"."id" = ?[0m  [["rating", 5], ["updated_at", "2015-12-27 22:59:23.718193"], ["id", 2]]
  [1m[35m (2.2ms)[0m  commit transaction
Redirected to http://localhost:3000/books
Completed 302 Found in 10ms (ActiveRecord: 3.2ms)


Started GET "/books" for ::1 at 2015-12-27 14:59:23 -0800
Processing by BooksController#index as HTML
  [1m[36mBook Load (0.2ms)[0m  [1mSELECT "books".* FROM "books"[0m
  Rendered books/index.html.erb within layouts/application (2.6ms)
Completed 200 OK in 30ms (Views: 29.0ms | ActiveRecord: 0.2ms)


Started GET "/books/1" for ::1 at 2015-12-27 14:59:25 -0800
Processing by BooksController#show as HTML
  Parameters: {"id"=>"1"}
  [1m[35mBook Load (0.1ms)[0m  SELECT  "books".* FROM "books" WHERE "books"."id" = ? LIMIT 1  [["id", 1]]
  Rendered books/show.html.erb within layouts/application (0.5ms)
Completed 200 OK in 31ms (Views: 29.9ms | ActiveRecord: 0.1ms)


Started GET "/books/1/edit" for ::1 at 2015-12-27 14:59:27 -0800
Processing by BooksController#edit as HTML
  Parameters: {"id"=>"1"}
  [1m[36mBook Load (0.1ms)[0m  [1mSELECT  "books".* FROM "books" WHERE "books"."id" = ? LIMIT 1[0m  [["id", 1]]
  [1m[35mReadingList Load (0.1ms)[0m  SELECT "reading_lists".* FROM "reading_lists"
  Rendered books/_form.html.erb (3.1ms)
  Rendered books/edit.html.erb within layouts/application (4.3ms)
Completed 200 OK in 34ms (Views: 33.2ms | ActiveRecord: 0.2ms)


Started PATCH "/books/1" for ::1 at 2015-12-27 14:59:35 -0800
Processing by BooksController#update as HTML
  Parameters: {"utf8"=>"✓", "authenticity_token"=>"3W5b3StU9e6SDHMXdz8R97cexhDzwwAt+kxQl/vnDZTV5nYc3TLiOQf8euS+AED34eMlRhwRANpil1aho5Zqpg==", "book"=>{"title"=>"A Game of Thrones", "author"=>"George R.R. Martin", "rating"=>"5 - best", "genre"=>"fantasy", "reading_list_id"=>"1"}, "read_status"=>"true", "commit"=>"Update Book", "id"=>"1"}
  [1m[36mBook Load (0.1ms)[0m  [1mSELECT  "books".* FROM "books" WHERE "books"."id" = ? LIMIT 1[0m  [["id", 1]]
Unpermitted parameters: utf8, _method, authenticity_token, read_status, commit, id
Unpermitted parameters: utf8, _method, authenticity_token, read_status, commit, id
Unpermitted parameters: utf8, _method, authenticity_token, read_status, commit, id
Unpermitted parameters: utf8, _method, authenticity_token, read_status, commit, id
Unpermitted parameters: utf8, _method, authenticity_token, read_status, commit, id
  [1m[35m (0.1ms)[0m  begin transaction
  [1m[36mSQL (0.4ms)[0m  [1mUPDATE "books" SET "rating" = ?, "updated_at" = ? WHERE "books"."id" = ?[0m  [["rating", 5], ["updated_at", "2015-12-27 22:59:35.056986"], ["id", 1]]
  [1m[35m (2.2ms)[0m  commit transaction
Redirected to http://localhost:3000/books
Completed 302 Found in 7ms (ActiveRecord: 2.8ms)


Started GET "/books" for ::1 at 2015-12-27 14:59:35 -0800
Processing by BooksController#index as HTML
  [1m[36mBook Load (0.2ms)[0m  [1mSELECT "books".* FROM "books"[0m
  Rendered books/index.html.erb within layouts/application (20.4ms)
Completed 200 OK in 56ms (Views: 55.5ms | ActiveRecord: 0.2ms)


Started GET "/books/1" for ::1 at 2015-12-27 14:59:36 -0800
Processing by BooksController#show as HTML
  Parameters: {"id"=>"1"}
  [1m[35mBook Load (0.1ms)[0m  SELECT  "books".* FROM "books" WHERE "books"."id" = ? LIMIT 1  [["id", 1]]
  Rendered books/show.html.erb within layouts/application (0.2ms)
Completed 200 OK in 37ms (Views: 35.8ms | ActiveRecord: 0.1ms)


Started GET "/books/1/edit" for ::1 at 2015-12-27 14:59:55 -0800
Processing by BooksController#edit as HTML
  Parameters: {"id"=>"1"}
  [1m[36mBook Load (0.1ms)[0m  [1mSELECT  "books".* FROM "books" WHERE "books"."id" = ? LIMIT 1[0m  [["id", 1]]
  [1m[35mReadingList Load (0.1ms)[0m  SELECT "reading_lists".* FROM "reading_lists"
  Rendered books/_form.html.erb (3.2ms)
  Rendered books/edit.html.erb within layouts/application (4.4ms)
Completed 200 OK in 49ms (Views: 47.8ms | ActiveRecord: 0.2ms)


Started PATCH "/books/1" for ::1 at 2015-12-27 15:00:21 -0800
Processing by BooksController#update as HTML
  Parameters: {"utf8"=>"✓", "authenticity_token"=>"I5YfFRICncmy0+Y283KhsIAbwh5nCpzuPaUXUMwv8g4rHjLU5GSKHicj78U6TfCw1uYhSIjYnBmlfhFmlF6VPA==", "book"=>{"title"=>"A Game of Thrones", "author"=>"George R.R. Martin", "rating"=>"None", "genre"=>"fantasy", "reading_list_id"=>"1"}, "read_status"=>"true", "commit"=>"Update Book", "id"=>"1"}
Completed 500 Internal Server Error in 1ms (ActiveRecord: 0.0ms)

RuntimeError ():
  app/controllers/books_controller.rb:26:in `update'


  Rendered /Users/jennanichols/.rvm/gems/ruby-2.2.3@reading-lists/gems/actionpack-4.2.4/lib/action_dispatch/middleware/templates/rescues/_source.erb (10.9ms)
  Rendered /Users/jennanichols/.rvm/gems/ruby-2.2.3@reading-lists/gems/actionpack-4.2.4/lib/action_dispatch/middleware/templates/rescues/_trace.html.erb (1.6ms)
  Rendered /Users/jennanichols/.rvm/gems/ruby-2.2.3@reading-lists/gems/actionpack-4.2.4/lib/action_dispatch/middleware/templates/rescues/_request_and_response.html.erb (0.9ms)
  Rendered /Users/jennanichols/.rvm/gems/ruby-2.2.3@reading-lists/gems/actionpack-4.2.4/lib/action_dispatch/middleware/templates/rescues/diagnostics.html.erb within rescues/layout (57.3ms)
  Rendered /Users/jennanichols/.rvm/gems/ruby-2.2.3@reading-lists/gems/web-console-2.2.1/lib/web_console/templates/_markup.html.erb (0.3ms)
  Rendered /Users/jennanichols/.rvm/gems/ruby-2.2.3@reading-lists/gems/web-console-2.2.1/lib/web_console/templates/_inner_console_markup.html.erb within layouts/inlined_string (0.2ms)
  Rendered /Users/jennanichols/.rvm/gems/ruby-2.2.3@reading-lists/gems/web-console-2.2.1/lib/web_console/templates/_prompt_box_markup.html.erb within layouts/inlined_string (0.2ms)
  Rendered /Users/jennanichols/.rvm/gems/ruby-2.2.3@reading-lists/gems/web-console-2.2.1/lib/web_console/templates/style.css.erb within layouts/inlined_string (0.3ms)
  Rendered /Users/jennanichols/.rvm/gems/ruby-2.2.3@reading-lists/gems/web-console-2.2.1/lib/web_console/templates/console.js.erb within layouts/javascript (40.9ms)
  Rendered /Users/jennanichols/.rvm/gems/ruby-2.2.3@reading-lists/gems/web-console-2.2.1/lib/web_console/templates/main.js.erb within layouts/javascript (0.2ms)
  Rendered /Users/jennanichols/.rvm/gems/ruby-2.2.3@reading-lists/gems/web-console-2.2.1/lib/web_console/templates/error_page.js.erb within layouts/javascript (0.3ms)
  Rendered /Users/jennanichols/.rvm/gems/ruby-2.2.3@reading-lists/gems/web-console-2.2.1/lib/web_console/templates/index.html.erb (89.9ms)


Started PATCH "/books/1" for ::1 at 2015-12-27 15:00:32 -0800
Processing by BooksController#update as HTML
  Parameters: {"utf8"=>"✓", "authenticity_token"=>"LNb9a+dcDeD2GLQZMgoUxnKpWXLPN9ZzORm2X+IhwpEkXtCqEToaN2Pover7NUXGJFS6JCDl1oShwrBpulClow==", "book"=>{"title"=>"A Game of Thrones", "author"=>"George R.R. Martin", "rating"=>"1 - worst", "genre"=>"fantasy", "reading_list_id"=>"1"}, "read_status"=>"true", "commit"=>"Update Book", "id"=>"1"}
Completed 500 Internal Server Error in 1ms (ActiveRecord: 0.0ms)

RuntimeError ():
  app/controllers/books_controller.rb:26:in `update'


  Rendered /Users/jennanichols/.rvm/gems/ruby-2.2.3@reading-lists/gems/actionpack-4.2.4/lib/action_dispatch/middleware/templates/rescues/_source.erb (3.1ms)
  Rendered /Users/jennanichols/.rvm/gems/ruby-2.2.3@reading-lists/gems/actionpack-4.2.4/lib/action_dispatch/middleware/templates/rescues/_trace.html.erb (1.5ms)
  Rendered /Users/jennanichols/.rvm/gems/ruby-2.2.3@reading-lists/gems/actionpack-4.2.4/lib/action_dispatch/middleware/templates/rescues/_request_and_response.html.erb (0.7ms)
  Rendered /Users/jennanichols/.rvm/gems/ruby-2.2.3@reading-lists/gems/actionpack-4.2.4/lib/action_dispatch/middleware/templates/rescues/diagnostics.html.erb within rescues/layout (42.7ms)
  Rendered /Users/jennanichols/.rvm/gems/ruby-2.2.3@reading-lists/gems/web-console-2.2.1/lib/web_console/templates/_markup.html.erb (0.2ms)
  Rendered /Users/jennanichols/.rvm/gems/ruby-2.2.3@reading-lists/gems/web-console-2.2.1/lib/web_console/templates/_inner_console_markup.html.erb within layouts/inlined_string (0.2ms)
  Rendered /Users/jennanichols/.rvm/gems/ruby-2.2.3@reading-lists/gems/web-console-2.2.1/lib/web_console/templates/_prompt_box_markup.html.erb within layouts/inlined_string (0.2ms)
  Rendered /Users/jennanichols/.rvm/gems/ruby-2.2.3@reading-lists/gems/web-console-2.2.1/lib/web_console/templates/style.css.erb within layouts/inlined_string (0.2ms)
  Rendered /Users/jennanichols/.rvm/gems/ruby-2.2.3@reading-lists/gems/web-console-2.2.1/lib/web_console/templates/console.js.erb within layouts/javascript (37.4ms)
  Rendered /Users/jennanichols/.rvm/gems/ruby-2.2.3@reading-lists/gems/web-console-2.2.1/lib/web_console/templates/main.js.erb within layouts/javascript (0.2ms)
  Rendered /Users/jennanichols/.rvm/gems/ruby-2.2.3@reading-lists/gems/web-console-2.2.1/lib/web_console/templates/error_page.js.erb within layouts/javascript (0.2ms)
  Rendered /Users/jennanichols/.rvm/gems/ruby-2.2.3@reading-lists/gems/web-console-2.2.1/lib/web_console/templates/index.html.erb (81.2ms)


Started PATCH "/books/1" for ::1 at 2015-12-27 15:01:06 -0800
Processing by BooksController#update as HTML
  Parameters: {"utf8"=>"✓", "authenticity_token"=>"LNb9a+dcDeD2GLQZMgoUxnKpWXLPN9ZzORm2X+IhwpEkXtCqEToaN2Pover7NUXGJFS6JCDl1oShwrBpulClow==", "book"=>{"title"=>"A Game of Thrones", "author"=>"George R.R. Martin", "rating"=>"1 - worst", "genre"=>"fantasy", "reading_list_id"=>"1"}, "read_status"=>"true", "commit"=>"Update Book", "id"=>"1"}
  [1m[36mBook Load (0.1ms)[0m  [1mSELECT  "books".* FROM "books" WHERE "books"."id" = ? LIMIT 1[0m  [["id", 1]]
Unpermitted parameters: utf8, _method, authenticity_token, read_status, commit, id
Unpermitted parameters: utf8, _method, authenticity_token, read_status, commit, id
Unpermitted parameters: utf8, _method, authenticity_token, read_status, commit, id
Unpermitted parameters: utf8, _method, authenticity_token, read_status, commit, id
Unpermitted parameters: utf8, _method, authenticity_token, read_status, commit, id
  [1m[35m (0.0ms)[0m  begin transaction
  [1m[36mSQL (0.3ms)[0m  [1mUPDATE "books" SET "rating" = ?, "updated_at" = ? WHERE "books"."id" = ?[0m  [["rating", 1], ["updated_at", "2015-12-27 23:01:06.518187"], ["id", 1]]
  [1m[35m (2.2ms)[0m  commit transaction
Redirected to http://localhost:3000/books
Completed 302 Found in 12ms (ActiveRecord: 3.0ms)


Started GET "/books" for ::1 at 2015-12-27 15:01:06 -0800
Processing by BooksController#index as HTML
  [1m[36mBook Load (0.2ms)[0m  [1mSELECT "books".* FROM "books"[0m
  Rendered books/index.html.erb within layouts/application (2.5ms)
Completed 200 OK in 27ms (Views: 26.2ms | ActiveRecord: 0.2ms)


Started GET "/assets/reading_lists.self-e3b0c44298fc1c149afbf4c8996fb92427ae41e4649b934ca495991b7852b855.css?body=1" for ::1 at 2015-12-27 15:01:06 -0800


Started GET "/assets/books.self-e3b0c44298fc1c149afbf4c8996fb92427ae41e4649b934ca495991b7852b855.css?body=1" for ::1 at 2015-12-27 15:01:06 -0800


Started GET "/assets/jquery.self-a714331225dda820228db323939889f149aec0127aeb06255646b616ba1ca419.js?body=1" for ::1 at 2015-12-27 15:01:06 -0800


Started GET "/assets/jquery_ujs.self-d456baa54c1fa6be2ec3711f0a72ddf7a5b2f34a6b4f515f33767d6207b7d4b3.js?body=1" for ::1 at 2015-12-27 15:01:06 -0800


Started GET "/assets/application.self-6fc5a266841253724c6ba6ea29887104f2ae990322c1a7348b537d5d79ff8006.css?body=1" for ::1 at 2015-12-27 15:01:06 -0800


Started GET "/assets/turbolinks.self-c37727e9bd6b2735da5c311aa83fead54ed0be6cc8bd9a65309e9c5abe2cbfff.js?body=1" for ::1 at 2015-12-27 15:01:06 -0800


Started GET "/assets/books.self-877aef30ae1b040ab8a3aba4e3e309a11d7f2612f44dde450b5c157aa5f95c05.js?body=1" for ::1 at 2015-12-27 15:01:06 -0800


Started GET "/assets/reading_lists.self-877aef30ae1b040ab8a3aba4e3e309a11d7f2612f44dde450b5c157aa5f95c05.js?body=1" for ::1 at 2015-12-27 15:01:06 -0800


Started GET "/assets/application.self-3b8dabdc891efe46b9a144b400ad69e37d7e5876bdc39dee783419a69d7ca819.js?body=1" for ::1 at 2015-12-27 15:01:06 -0800


Started GET "/books/1" for ::1 at 2015-12-27 15:01:08 -0800
Processing by BooksController#show as HTML
  Parameters: {"id"=>"1"}
  [1m[35mBook Load (0.1ms)[0m  SELECT  "books".* FROM "books" WHERE "books"."id" = ? LIMIT 1  [["id", 1]]
  Rendered books/show.html.erb within layouts/application (0.1ms)
Completed 200 OK in 28ms (Views: 27.6ms | ActiveRecord: 0.1ms)


Started GET "/books/1" for ::1 at 2015-12-27 15:01:40 -0800
Processing by BooksController#show as HTML
  Parameters: {"id"=>"1"}
  [1m[36mBook Load (0.1ms)[0m  [1mSELECT  "books".* FROM "books" WHERE "books"."id" = ? LIMIT 1[0m  [["id", 1]]
  Rendered books/show.html.erb within layouts/application (0.5ms)
Completed 200 OK in 25ms (Views: 24.1ms | ActiveRecord: 0.1ms)


Started GET "/assets/books.self-e3b0c44298fc1c149afbf4c8996fb92427ae41e4649b934ca495991b7852b855.css?body=1" for ::1 at 2015-12-27 15:01:40 -0800


Started GET "/assets/application.self-6fc5a266841253724c6ba6ea29887104f2ae990322c1a7348b537d5d79ff8006.css?body=1" for ::1 at 2015-12-27 15:01:40 -0800


Started GET "/assets/reading_lists.self-e3b0c44298fc1c149afbf4c8996fb92427ae41e4649b934ca495991b7852b855.css?body=1" for ::1 at 2015-12-27 15:01:40 -0800


Started GET "/assets/jquery.self-a714331225dda820228db323939889f149aec0127aeb06255646b616ba1ca419.js?body=1" for ::1 at 2015-12-27 15:01:40 -0800


Started GET "/assets/books.self-877aef30ae1b040ab8a3aba4e3e309a11d7f2612f44dde450b5c157aa5f95c05.js?body=1" for ::1 at 2015-12-27 15:01:40 -0800


Started GET "/assets/turbolinks.self-c37727e9bd6b2735da5c311aa83fead54ed0be6cc8bd9a65309e9c5abe2cbfff.js?body=1" for ::1 at 2015-12-27 15:01:40 -0800


Started GET "/assets/jquery_ujs.self-d456baa54c1fa6be2ec3711f0a72ddf7a5b2f34a6b4f515f33767d6207b7d4b3.js?body=1" for ::1 at 2015-12-27 15:01:40 -0800


Started GET "/assets/reading_lists.self-877aef30ae1b040ab8a3aba4e3e309a11d7f2612f44dde450b5c157aa5f95c05.js?body=1" for ::1 at 2015-12-27 15:01:40 -0800


Started GET "/assets/application.self-3b8dabdc891efe46b9a144b400ad69e37d7e5876bdc39dee783419a69d7ca819.js?body=1" for ::1 at 2015-12-27 15:01:40 -0800
  [1m[36mBook Load (0.1ms)[0m  [1mSELECT  "books".* FROM "books" WHERE "books"."id" = ? LIMIT 1[0m  [["id", 1]]
  [1m[36mActiveRecord::SchemaMigration Load (0.1ms)[0m  [1mSELECT "schema_migrations".* FROM "schema_migrations"[0m
  [1m[35mActiveRecord::SchemaMigration Load (0.1ms)[0m  SELECT "schema_migrations".* FROM "schema_migrations"
  [1m[36m (0.1ms)[0m  [1m            SELECT sql
            FROM sqlite_master
            WHERE name='index_books_on_reading_list_id' AND type='index'
            UNION ALL
            SELECT sql
            FROM sqlite_temp_master
            WHERE name='index_books_on_reading_list_id' AND type='index'
[0m


Started GET "/books/1" for ::1 at 2015-12-27 15:02:42 -0800
  [1m[36mActiveRecord::SchemaMigration Load (0.1ms)[0m  [1mSELECT "schema_migrations".* FROM "schema_migrations"[0m
Processing by BooksController#show as HTML
  Parameters: {"id"=>"1"}
  [1m[35mBook Load (0.2ms)[0m  SELECT  "books".* FROM "books" WHERE "books"."id" = ? LIMIT 1  [["id", 1]]
  Rendered books/show.html.erb within layouts/application (1.8ms)
Completed 200 OK in 205ms (Views: 171.4ms | ActiveRecord: 0.6ms)


Started GET "/assets/books.self-e3b0c44298fc1c149afbf4c8996fb92427ae41e4649b934ca495991b7852b855.css?body=1" for ::1 at 2015-12-27 15:02:42 -0800


Started GET "/assets/application.self-6fc5a266841253724c6ba6ea29887104f2ae990322c1a7348b537d5d79ff8006.css?body=1" for ::1 at 2015-12-27 15:02:42 -0800


Started GET "/assets/jquery.self-a714331225dda820228db323939889f149aec0127aeb06255646b616ba1ca419.js?body=1" for ::1 at 2015-12-27 15:02:42 -0800


Started GET "/assets/reading_lists.self-e3b0c44298fc1c149afbf4c8996fb92427ae41e4649b934ca495991b7852b855.css?body=1" for ::1 at 2015-12-27 15:02:42 -0800


Started GET "/assets/jquery_ujs.self-d456baa54c1fa6be2ec3711f0a72ddf7a5b2f34a6b4f515f33767d6207b7d4b3.js?body=1" for ::1 at 2015-12-27 15:02:42 -0800


Started GET "/assets/turbolinks.self-c37727e9bd6b2735da5c311aa83fead54ed0be6cc8bd9a65309e9c5abe2cbfff.js?body=1" for ::1 at 2015-12-27 15:02:42 -0800


Started GET "/assets/books.self-877aef30ae1b040ab8a3aba4e3e309a11d7f2612f44dde450b5c157aa5f95c05.js?body=1" for ::1 at 2015-12-27 15:02:42 -0800


Started GET "/assets/reading_lists.self-877aef30ae1b040ab8a3aba4e3e309a11d7f2612f44dde450b5c157aa5f95c05.js?body=1" for ::1 at 2015-12-27 15:02:42 -0800


Started GET "/assets/application.self-3b8dabdc891efe46b9a144b400ad69e37d7e5876bdc39dee783419a69d7ca819.js?body=1" for ::1 at 2015-12-27 15:02:43 -0800
  [1m[36mBook Load (0.1ms)[0m  [1mSELECT  "books".* FROM "books" WHERE "books"."id" = ? LIMIT 1[0m  [["id", 1]]
  [1m[35mBook Load (0.2ms)[0m  SELECT  "books".* FROM "books" WHERE "books"."id" = ? LIMIT 1  [["id", 1]]


Started GET "/books/1/edit" for ::1 at 2015-12-27 15:03:10 -0800
  [1m[36mActiveRecord::SchemaMigration Load (0.1ms)[0m  [1mSELECT "schema_migrations".* FROM "schema_migrations"[0m
Processing by BooksController#edit as HTML
  Parameters: {"id"=>"1"}
  [1m[35mBook Load (0.2ms)[0m  SELECT  "books".* FROM "books" WHERE "books"."id" = ? LIMIT 1  [["id", 1]]
  [1m[36mReadingList Load (0.2ms)[0m  [1mSELECT "reading_lists".* FROM "reading_lists"[0m
  Rendered books/_form.html.erb (39.1ms)
  Rendered books/edit.html.erb within layouts/application (47.2ms)
Completed 200 OK in 221ms (Views: 196.9ms | ActiveRecord: 1.0ms)


Started PATCH "/books/1" for ::1 at 2015-12-27 15:03:20 -0800
Processing by BooksController#update as HTML
  Parameters: {"utf8"=>"✓", "authenticity_token"=>"PsRBxQjpw45QRh1mDsT+hdr+o3wToRzL4+hpHrSz5Wk2TGwE/o/UWcW2FJXH+6+FjANAKvxzHDx7M28o7MKCWw==", "book"=>{"title"=>"A Game of Thrones", "author"=>"George R.R. Martin", "rating"=>"3", "genre"=>"fantasy", "reading_list_id"=>"1"}, "read_status"=>"true", "commit"=>"Update Book", "id"=>"1"}
  [1m[35mBook Load (0.1ms)[0m  SELECT  "books".* FROM "books" WHERE "books"."id" = ? LIMIT 1  [["id", 1]]
Unpermitted parameters: utf8, _method, authenticity_token, read_status, commit, id
Unpermitted parameters: utf8, _method, authenticity_token, read_status, commit, id
Unpermitted parameters: utf8, _method, authenticity_token, read_status, commit, id
Unpermitted parameters: utf8, _method, authenticity_token, read_status, commit, id
Unpermitted parameters: utf8, _method, authenticity_token, read_status, commit, id
  [1m[36m (0.1ms)[0m  [1mbegin transaction[0m
  [1m[35mSQL (0.4ms)[0m  UPDATE "books" SET "rating" = ?, "updated_at" = ? WHERE "books"."id" = ?  [["rating", 3], ["updated_at", "2015-12-27 23:03:20.608646"], ["id", 1]]
  [1m[36m (0.6ms)[0m  [1mcommit transaction[0m
Redirected to http://localhost:3000/books
Completed 302 Found in 6ms (ActiveRecord: 1.1ms)


Started GET "/books" for ::1 at 2015-12-27 15:03:20 -0800
Processing by BooksController#index as HTML
  [1m[35mBook Load (0.1ms)[0m  SELECT "books".* FROM "books"
  Rendered books/index.html.erb within layouts/application (2.8ms)
Completed 200 OK in 28ms (Views: 27.5ms | ActiveRecord: 0.1ms)


Started GET "/books/1" for ::1 at 2015-12-27 15:03:21 -0800
Processing by BooksController#show as HTML
  Parameters: {"id"=>"1"}
  [1m[36mBook Load (0.1ms)[0m  [1mSELECT  "books".* FROM "books" WHERE "books"."id" = ? LIMIT 1[0m  [["id", 1]]
  Rendered books/show.html.erb within layouts/application (0.5ms)
Completed 200 OK in 28ms (Views: 27.6ms | ActiveRecord: 0.1ms)


Started GET "/books/1" for ::1 at 2015-12-27 15:05:17 -0800
  [1m[36mActiveRecord::SchemaMigration Load (0.5ms)[0m  [1mSELECT "schema_migrations".* FROM "schema_migrations"[0m
Processing by BooksController#show as HTML
  Parameters: {"id"=>"1"}
  [1m[35mBook Load (0.2ms)[0m  SELECT  "books".* FROM "books" WHERE "books"."id" = ? LIMIT 1  [["id", 1]]
  Rendered books/show.html.erb within layouts/application (1.9ms)
Completed 200 OK in 205ms (Views: 171.4ms | ActiveRecord: 0.6ms)


Started GET "/assets/reading_lists.self-e3b0c44298fc1c149afbf4c8996fb92427ae41e4649b934ca495991b7852b855.css?body=1" for ::1 at 2015-12-27 15:05:18 -0800


Started GET "/assets/books.self-e3b0c44298fc1c149afbf4c8996fb92427ae41e4649b934ca495991b7852b855.css?body=1" for ::1 at 2015-12-27 15:05:18 -0800


Started GET "/assets/application.self-6fc5a266841253724c6ba6ea29887104f2ae990322c1a7348b537d5d79ff8006.css?body=1" for ::1 at 2015-12-27 15:05:18 -0800


Started GET "/assets/jquery.self-a714331225dda820228db323939889f149aec0127aeb06255646b616ba1ca419.js?body=1" for ::1 at 2015-12-27 15:05:18 -0800


Started GET "/assets/jquery_ujs.self-d456baa54c1fa6be2ec3711f0a72ddf7a5b2f34a6b4f515f33767d6207b7d4b3.js?body=1" for ::1 at 2015-12-27 15:05:18 -0800


Started GET "/assets/books.self-877aef30ae1b040ab8a3aba4e3e309a11d7f2612f44dde450b5c157aa5f95c05.js?body=1" for ::1 at 2015-12-27 15:05:18 -0800


Started GET "/assets/turbolinks.self-c37727e9bd6b2735da5c311aa83fead54ed0be6cc8bd9a65309e9c5abe2cbfff.js?body=1" for ::1 at 2015-12-27 15:05:18 -0800


Started GET "/assets/reading_lists.self-877aef30ae1b040ab8a3aba4e3e309a11d7f2612f44dde450b5c157aa5f95c05.js?body=1" for ::1 at 2015-12-27 15:05:18 -0800


Started GET "/assets/application.self-3b8dabdc891efe46b9a144b400ad69e37d7e5876bdc39dee783419a69d7ca819.js?body=1" for ::1 at 2015-12-27 15:05:18 -0800


Started GET "/books/1/edit" for ::1 at 2015-12-27 15:05:20 -0800
Processing by BooksController#edit as HTML
  Parameters: {"id"=>"1"}
  [1m[36mBook Load (0.1ms)[0m  [1mSELECT  "books".* FROM "books" WHERE "books"."id" = ? LIMIT 1[0m  [["id", 1]]
  [1m[35mReadingList Load (0.1ms)[0m  SELECT "reading_lists".* FROM "reading_lists"
  Rendered books/_form.html.erb (26.4ms)
  Rendered books/edit.html.erb within layouts/application (30.9ms)
Completed 200 OK in 58ms (Views: 56.7ms | ActiveRecord: 0.4ms)


Started PATCH "/books/1" for ::1 at 2015-12-27 15:05:30 -0800
Processing by BooksController#update as HTML
  Parameters: {"utf8"=>"✓", "authenticity_token"=>"3mjzk+mC++vJK9uDBmK4eN/2Ys2I33a7ujyGju9sZWrW4N5SH+TsPFzb0nDPXel4iQuBm2cNdkwi54C4tx0CWA==", "book"=>{"title"=>"A Game of Thrones", "author"=>"George R.R. Martin", "rating"=>"5 - best", "genre"=>"fantasy", "reading_list_id"=>"1"}, "read_status"=>"true", "commit"=>"Update Book", "id"=>"1"}
  [1m[36mBook Load (0.1ms)[0m  [1mSELECT  "books".* FROM "books" WHERE "books"."id" = ? LIMIT 1[0m  [["id", 1]]
Unpermitted parameters: utf8, _method, authenticity_token, read_status, commit, id
Unpermitted parameters: utf8, _method, authenticity_token, read_status, commit, id
Unpermitted parameters: utf8, _method, authenticity_token, read_status, commit, id
Unpermitted parameters: utf8, _method, authenticity_token, read_status, commit, id
Unpermitted parameters: utf8, _method, authenticity_token, read_status, commit, id
  [1m[35m (0.3ms)[0m  begin transaction
  [1m[36mSQL (0.4ms)[0m  [1mUPDATE "books" SET "rating" = ?, "updated_at" = ? WHERE "books"."id" = ?[0m  [["rating", 5], ["updated_at", "2015-12-27 23:05:30.790985"], ["id", 1]]
  [1m[35m (0.5ms)[0m  commit transaction
Redirected to http://localhost:3000/books
Completed 302 Found in 8ms (ActiveRecord: 1.3ms)


Started GET "/books" for ::1 at 2015-12-27 15:05:30 -0800
Processing by BooksController#index as HTML
  [1m[36mBook Load (0.2ms)[0m  [1mSELECT "books".* FROM "books"[0m
  Rendered books/index.html.erb within layouts/application (4.8ms)
Completed 200 OK in 37ms (Views: 36.8ms | ActiveRecord: 0.2ms)


Started GET "/books/1" for ::1 at 2015-12-27 15:05:32 -0800
Processing by BooksController#show as HTML
  Parameters: {"id"=>"1"}
  [1m[35mBook Load (0.1ms)[0m  SELECT  "books".* FROM "books" WHERE "books"."id" = ? LIMIT 1  [["id", 1]]
  Rendered books/show.html.erb within layouts/application (0.5ms)
Completed 200 OK in 46ms (Views: 45.3ms | ActiveRecord: 0.1ms)


Started GET "/reading_lists/" for ::1 at 2015-12-27 15:05:37 -0800
Processing by ReadingListsController#index as HTML
  [1m[36mReadingList Load (0.1ms)[0m  [1mSELECT "reading_lists".* FROM "reading_lists"[0m
  Rendered reading_lists/index.html.erb within layouts/application (1.7ms)
Completed 200 OK in 34ms (Views: 33.7ms | ActiveRecord: 0.1ms)


Started GET "/reading_lists/2" for ::1 at 2015-12-27 15:05:37 -0800
Processing by ReadingListsController#show as HTML
  Parameters: {"id"=>"2"}
  [1m[35mReadingList Load (0.1ms)[0m  SELECT  "reading_lists".* FROM "reading_lists" WHERE "reading_lists"."id" = ? LIMIT 1  [["id", 2]]
  [1m[36mBook Load (0.2ms)[0m  [1mSELECT "books".* FROM "books" WHERE "books"."reading_list_id" = ?[0m  [["reading_list_id", 2]]
  Rendered reading_lists/show.html.erb within layouts/application (5.4ms)
Completed 200 OK in 65ms (Views: 46.0ms | ActiveRecord: 0.3ms)


Started GET "/books/11" for ::1 at 2015-12-27 15:05:39 -0800
Processing by BooksController#show as HTML
  Parameters: {"id"=>"11"}
  [1m[35mBook Load (0.1ms)[0m  SELECT  "books".* FROM "books" WHERE "books"."id" = ? LIMIT 1  [["id", 11]]
  Rendered books/show.html.erb within layouts/application (0.3ms)
Completed 200 OK in 40ms (Views: 38.8ms | ActiveRecord: 0.1ms)


Started GET "/books/11/edit" for ::1 at 2015-12-27 15:05:48 -0800
Processing by BooksController#edit as HTML
  Parameters: {"id"=>"11"}
  [1m[36mBook Load (0.1ms)[0m  [1mSELECT  "books".* FROM "books" WHERE "books"."id" = ? LIMIT 1[0m  [["id", 11]]
  [1m[35mReadingList Load (0.1ms)[0m  SELECT "reading_lists".* FROM "reading_lists"
  Rendered books/_form.html.erb (4.1ms)
  Rendered books/edit.html.erb within layouts/application (5.7ms)
Completed 200 OK in 50ms (Views: 48.9ms | ActiveRecord: 0.2ms)


Started GET "/books/11" for ::1 at 2015-12-27 15:07:13 -0800
Processing by BooksController#show as HTML
  Parameters: {"id"=>"11"}
  [1m[36mBook Load (0.2ms)[0m  [1mSELECT  "books".* FROM "books" WHERE "books"."id" = ? LIMIT 1[0m  [["id", 11]]
  Rendered books/show.html.erb within layouts/application (0.7ms)
Completed 200 OK in 32ms (Views: 30.3ms | ActiveRecord: 0.2ms)


Started GET "/assets/reading_lists.self-e3b0c44298fc1c149afbf4c8996fb92427ae41e4649b934ca495991b7852b855.css?body=1" for ::1 at 2015-12-27 15:07:13 -0800


Started GET "/assets/books.self-e3b0c44298fc1c149afbf4c8996fb92427ae41e4649b934ca495991b7852b855.css?body=1" for ::1 at 2015-12-27 15:07:14 -0800


Started GET "/assets/jquery_ujs.self-d456baa54c1fa6be2ec3711f0a72ddf7a5b2f34a6b4f515f33767d6207b7d4b3.js?body=1" for ::1 at 2015-12-27 15:07:14 -0800


Started GET "/assets/jquery.self-a714331225dda820228db323939889f149aec0127aeb06255646b616ba1ca419.js?body=1" for ::1 at 2015-12-27 15:07:14 -0800


Started GET "/assets/application.self-6fc5a266841253724c6ba6ea29887104f2ae990322c1a7348b537d5d79ff8006.css?body=1" for ::1 at 2015-12-27 15:07:14 -0800


Started GET "/assets/turbolinks.self-c37727e9bd6b2735da5c311aa83fead54ed0be6cc8bd9a65309e9c5abe2cbfff.js?body=1" for ::1 at 2015-12-27 15:07:14 -0800


Started GET "/assets/books.self-877aef30ae1b040ab8a3aba4e3e309a11d7f2612f44dde450b5c157aa5f95c05.js?body=1" for ::1 at 2015-12-27 15:07:14 -0800


Started GET "/assets/reading_lists.self-877aef30ae1b040ab8a3aba4e3e309a11d7f2612f44dde450b5c157aa5f95c05.js?body=1" for ::1 at 2015-12-27 15:07:14 -0800


Started GET "/assets/application.self-3b8dabdc891efe46b9a144b400ad69e37d7e5876bdc39dee783419a69d7ca819.js?body=1" for ::1 at 2015-12-27 15:07:14 -0800


Started GET "/books/11/edit" for ::1 at 2015-12-27 15:07:20 -0800
Processing by BooksController#edit as HTML
  Parameters: {"id"=>"11"}
  [1m[35mBook Load (0.1ms)[0m  SELECT  "books".* FROM "books" WHERE "books"."id" = ? LIMIT 1  [["id", 11]]
  [1m[36mReadingList Load (0.1ms)[0m  [1mSELECT "reading_lists".* FROM "reading_lists"[0m
  Rendered books/_form.html.erb (3.6ms)
  Rendered books/edit.html.erb within layouts/application (5.3ms)
Completed 200 OK in 34ms (Views: 32.9ms | ActiveRecord: 0.2ms)


Started PATCH "/books/11" for ::1 at 2015-12-27 15:07:23 -0800
Processing by BooksController#update as HTML
  Parameters: {"utf8"=>"✓", "authenticity_token"=>"kFxOzoUBK04btyuCKtAUy28hd1eOqQ6at53FxFPjaXeY1GMPc2c8mY5HInHj70XLOdyUAWF7Dm0vRsPyC5IORQ==", "book"=>{"title"=>"Ender's Game", "author"=>"Orson Scott Card", "rating"=>"5 - best", "genre"=>"science fiction", "reading_list_id"=>"2"}, "read_status"=>"true", "commit"=>"Update Book", "id"=>"11"}
  [1m[35mBook Load (0.1ms)[0m  SELECT  "books".* FROM "books" WHERE "books"."id" = ? LIMIT 1  [["id", 11]]
Unpermitted parameters: utf8, _method, authenticity_token, read_status, commit, id
Unpermitted parameters: utf8, _method, authenticity_token, read_status, commit, id
Unpermitted parameters: utf8, _method, authenticity_token, read_status, commit, id
Unpermitted parameters: utf8, _method, authenticity_token, read_status, commit, id
Unpermitted parameters: utf8, _method, authenticity_token, read_status, commit, id
  [1m[36m (0.1ms)[0m  [1mbegin transaction[0m
  [1m[35mSQL (0.4ms)[0m  UPDATE "books" SET "rating" = ?, "updated_at" = ? WHERE "books"."id" = ?  [["rating", 5], ["updated_at", "2015-12-27 23:07:23.621208"], ["id", 11]]
  [1m[36m (2.2ms)[0m  [1mcommit transaction[0m
Redirected to http://localhost:3000/books
Completed 302 Found in 8ms (ActiveRecord: 2.7ms)


Started GET "/books" for ::1 at 2015-12-27 15:07:23 -0800
Processing by BooksController#index as HTML
  [1m[35mBook Load (0.2ms)[0m  SELECT "books".* FROM "books"
  Rendered books/index.html.erb within layouts/application (2.7ms)
Completed 200 OK in 33ms (Views: 32.0ms | ActiveRecord: 0.2ms)


Started GET "/books/11" for ::1 at 2015-12-27 15:07:28 -0800
Processing by BooksController#show as HTML
  Parameters: {"id"=>"11"}
  [1m[36mBook Load (0.1ms)[0m  [1mSELECT  "books".* FROM "books" WHERE "books"."id" = ? LIMIT 1[0m  [["id", 11]]
  Rendered books/show.html.erb within layouts/application (0.8ms)
Completed 200 OK in 30ms (Views: 29.1ms | ActiveRecord: 0.1ms)
